<?xml version="1.0" encoding="UTF-8"?>
<!-- Generated by org.testng.reporters.JUnitReportReporter -->
<testsuite skipped="0" hostname="afsheenhussain" name="masjidquba.Mavenjava.SeleniumTest" tests="2" failures="0" timestamp="2020-05-23T17:10:42 CDT" time="0.034" errors="0">
  <testcase name="elementsUi" time="0.002" classname="masjidquba.Mavenjava.SeleniumTest"/>
  <system-out/>
  <testcase name="BrowrserAutomation" time="0.032" classname="masjidquba.Mavenjava.SeleniumTest"/>
  <system-out/>
</testsuite> <!-- masjidquba.Mavenjava.SeleniumTest -->
